  
  F:\研一下\Cuda_Learning\cs344\Problem Sets\HDR\HDR>"C:\Program Files\NVIDIA GPU Computing Toolkit\CUDA\v8.0\bin\nvcc.exe" -ccbin "D:\programming tools\Microsoft Visual Studio 14.0\VC\bin\x86_amd64"  -I"C:\Program Files\NVIDIA GPU Computing Toolkit\CUDA\v8.0\include" -I"C:\Program Files\NVIDIA GPU Computing Toolkit\CUDA\v8.0\include"  -G   --keep-dir x64\Debug -maxrregcount=0  --machine 64 --compile   -g   -DWIN32 -DWIN64 -D_DEBUG -D_CONSOLE -D_MBCS -Xcompiler "/EHsc /W3 /nologo /Od /FS /Zi /RTC1 /MDd " -o x64\Debug\HW3.cu.obj "F:\研一下\Cuda_Learning\cs344\Problem Sets\HDR\HDR\HW3.cu" -clean 
CUDACOMPILE : nvcc warning : The 'compute_20', 'sm_20', and 'sm_21' architectures are deprecated, and may be removed in a future release (Use -Wno-deprecated-gpu-targets to suppress warning).
  HW3.cu
  
  F:\研一下\Cuda_Learning\cs344\Problem Sets\HDR\HDR>"C:\Program Files\NVIDIA GPU Computing Toolkit\CUDA\v8.0\bin\nvcc.exe" -ccbin "D:\programming tools\Microsoft Visual Studio 14.0\VC\bin\x86_amd64"  -I"C:\Program Files\NVIDIA GPU Computing Toolkit\CUDA\v8.0\include" -I"C:\Program Files\NVIDIA GPU Computing Toolkit\CUDA\v8.0\include"  -G   --keep-dir x64\Debug -maxrregcount=0  --machine 64 --compile   -g   -DWIN32 -DWIN64 -D_DEBUG -D_CONSOLE -D_MBCS -Xcompiler "/EHsc /W3 /nologo /Od /FS /Zi /RTC1 /MDd " -o x64\Debug\student_func.cu.obj "F:\研一下\Cuda_Learning\cs344\Problem Sets\HDR\HDR\student_func.cu" -clean 
CUDACOMPILE : nvcc warning : The 'compute_20', 'sm_20', and 'sm_21' architectures are deprecated, and may be removed in a future release (Use -Wno-deprecated-gpu-targets to suppress warning).
  student_func.cu
  Compiling CUDA source file HW3.cu...
  Compiling CUDA source file student_func.cu...
  
  F:\研一下\Cuda_Learning\cs344\Problem Sets\HDR\HDR>"C:\Program Files\NVIDIA GPU Computing Toolkit\CUDA\v8.0\bin\nvcc.exe" -gencode=arch=compute_20,code=\"sm_20,compute_20\" --use-local-env --cl-version 2015 -ccbin "D:\programming tools\Microsoft Visual Studio 14.0\VC\bin\x86_amd64"  -I"C:\Program Files\NVIDIA GPU Computing Toolkit\CUDA\v8.0\include" -I"C:\Program Files\NVIDIA GPU Computing Toolkit\CUDA\v8.0\include"  -G   --keep-dir x64\Debug -maxrregcount=0  --machine 64 --compile -cudart static  -g   -DWIN32 -DWIN64 -D_DEBUG -D_CONSOLE -D_MBCS -Xcompiler "/EHsc /W3 /nologo /Od /FS /Zi /RTC1 /MDd " -o x64\Debug\HW3.cu.obj "F:\研一下\Cuda_Learning\cs344\Problem Sets\HDR\HDR\HW3.cu" 
  
  F:\研一下\Cuda_Learning\cs344\Problem Sets\HDR\HDR>"C:\Program Files\NVIDIA GPU Computing Toolkit\CUDA\v8.0\bin\nvcc.exe" -gencode=arch=compute_20,code=\"sm_20,compute_20\" --use-local-env --cl-version 2015 -ccbin "D:\programming tools\Microsoft Visual Studio 14.0\VC\bin\x86_amd64"  -I"C:\Program Files\NVIDIA GPU Computing Toolkit\CUDA\v8.0\include" -I"C:\Program Files\NVIDIA GPU Computing Toolkit\CUDA\v8.0\include"  -G   --keep-dir x64\Debug -maxrregcount=0  --machine 64 --compile -cudart static  -g   -DWIN32 -DWIN64 -D_DEBUG -D_CONSOLE -D_MBCS -Xcompiler "/EHsc /W3 /nologo /Od /FS /Zi /RTC1 /MDd " -o x64\Debug\student_func.cu.obj "F:\研一下\Cuda_Learning\cs344\Problem Sets\HDR\HDR\student_func.cu" 
c:\program files\nvidia gpu computing toolkit\cuda\v8.0\include\math_functions.h : warning C4819: 该文件包含不能在当前代码页(936)中表示的字符。请将该文件保存为 Unicode 格式以防止数据丢失
c:\program files\nvidia gpu computing toolkit\cuda\v8.0\include\math_functions.h(849): warning C4819: 该文件包含不能在当前代码页(936)中表示的字符。请将该文件保存为 Unicode 格式以防止数据丢失
c:\program files\nvidia gpu computing toolkit\cuda\v8.0\include\math_functions.h(1787): warning C4819: 该文件包含不能在当前代码页(936)中表示的字符。请将该文件保存为 Unicode 格式以防止数据丢失
c:\program files\nvidia gpu computing toolkit\cuda\v8.0\include\math_functions.h(2637): warning C4819: 该文件包含不能在当前代码页(936)中表示的字符。请将该文件保存为 Unicode 格式以防止数据丢失
c:\program files\nvidia gpu computing toolkit\cuda\v8.0\include\math_functions.h(3492): warning C4819: 该文件包含不能在当前代码页(936)中表示的字符。请将该文件保存为 Unicode 格式以防止数据丢失
c:\program files\nvidia gpu computing toolkit\cuda\v8.0\include\math_functions.h(4431): warning C4819: 该文件包含不能在当前代码页(936)中表示的字符。请将该文件保存为 Unicode 格式以防止数据丢失
c:\program files\nvidia gpu computing toolkit\cuda\v8.0\include\math_functions.h(5345): warning C4819: 该文件包含不能在当前代码页(936)中表示的字符。请将该文件保存为 Unicode 格式以防止数据丢失
c:\program files\nvidia gpu computing toolkit\cuda\v8.0\include\math_functions.h(6252): warning C4819: 该文件包含不能在当前代码页(936)中表示的字符。请将该文件保存为 Unicode 格式以防止数据丢失
c:\program files\nvidia gpu computing toolkit\cuda\v8.0\include\math_functions.h(7142): warning C4819: 该文件包含不能在当前代码页(936)中表示的字符。请将该文件保存为 Unicode 格式以防止数据丢失
c:\program files\nvidia gpu computing toolkit\cuda\v8.0\include\math_functions.h(7956): warning C4819: 该文件包含不能在当前代码页(936)中表示的字符。请将该文件保存为 Unicode 格式以防止数据丢失
c:\program files\nvidia gpu computing toolkit\cuda\v8.0\include\device_functions.h : warning C4819: 该文件包含不能在当前代码页(936)中表示的字符。请将该文件保存为 Unicode 格式以防止数据丢失
c:\program files\nvidia gpu computing toolkit\cuda\v8.0\include\device_functions.h(774): warning C4819: 该文件包含不能在当前代码页(936)中表示的字符。请将该文件保存为 Unicode 格式以防止数据丢失
c:\program files\nvidia gpu computing toolkit\cuda\v8.0\include\device_functions.h(1618): warning C4819: 该文件包含不能在当前代码页(936)中表示的字符。请将该文件保存为 Unicode 格式以防止数据丢失
c:\program files\nvidia gpu computing toolkit\cuda\v8.0\include\device_double_functions.h : warning C4819: 该文件包含不能在当前代码页(936)中表示的字符。请将该文件保存为 Unicode 格式以防止数据丢失
c:\program files\nvidia gpu computing toolkit\cuda\v8.0\include\sm_20_intrinsics.h : warning C4819: 该文件包含不能在当前代码页(936)中表示的字符。请将该文件保存为 Unicode 格式以防止数据丢失
c:\program files\nvidia gpu computing toolkit\cuda\v8.0\include\sm_20_intrinsics.h(943): warning C4819: 该文件包含不能在当前代码页(936)中表示的字符。请将该文件保存为 Unicode 格式以防止数据丢失
c:\program files\nvidia gpu computing toolkit\cuda\v8.0\include\math_functions.h : warning C4819: 该文件包含不能在当前代码页(936)中表示的字符。请将该文件保存为 Unicode 格式以防止数据丢失
c:\program files\nvidia gpu computing toolkit\cuda\v8.0\include\math_functions.h(849): warning C4819: 该文件包含不能在当前代码页(936)中表示的字符。请将该文件保存为 Unicode 格式以防止数据丢失
c:\program files\nvidia gpu computing toolkit\cuda\v8.0\include\math_functions.h(1787): warning C4819: 该文件包含不能在当前代码页(936)中表示的字符。请将该文件保存为 Unicode 格式以防止数据丢失
c:\program files\nvidia gpu computing toolkit\cuda\v8.0\include\math_functions.h(2637): warning C4819: 该文件包含不能在当前代码页(936)中表示的字符。请将该文件保存为 Unicode 格式以防止数据丢失
c:\program files\nvidia gpu computing toolkit\cuda\v8.0\include\math_functions.h(3492): warning C4819: 该文件包含不能在当前代码页(936)中表示的字符。请将该文件保存为 Unicode 格式以防止数据丢失
c:\program files\nvidia gpu computing toolkit\cuda\v8.0\include\math_functions.h(4431): warning C4819: 该文件包含不能在当前代码页(936)中表示的字符。请将该文件保存为 Unicode 格式以防止数据丢失
c:\program files\nvidia gpu computing toolkit\cuda\v8.0\include\math_functions.h(5345): warning C4819: 该文件包含不能在当前代码页(936)中表示的字符。请将该文件保存为 Unicode 格式以防止数据丢失
c:\program files\nvidia gpu computing toolkit\cuda\v8.0\include\math_functions.h(6252): warning C4819: 该文件包含不能在当前代码页(936)中表示的字符。请将该文件保存为 Unicode 格式以防止数据丢失
c:\program files\nvidia gpu computing toolkit\cuda\v8.0\include\math_functions.h(7142): warning C4819: 该文件包含不能在当前代码页(936)中表示的字符。请将该文件保存为 Unicode 格式以防止数据丢失
c:\program files\nvidia gpu computing toolkit\cuda\v8.0\include\math_functions.h(7956): warning C4819: 该文件包含不能在当前代码页(936)中表示的字符。请将该文件保存为 Unicode 格式以防止数据丢失
c:\program files\nvidia gpu computing toolkit\cuda\v8.0\include\device_functions.h : warning C4819: 该文件包含不能在当前代码页(936)中表示的字符。请将该文件保存为 Unicode 格式以防止数据丢失
c:\program files\nvidia gpu computing toolkit\cuda\v8.0\include\device_functions.h(774): warning C4819: 该文件包含不能在当前代码页(936)中表示的字符。请将该文件保存为 Unicode 格式以防止数据丢失
c:\program files\nvidia gpu computing toolkit\cuda\v8.0\include\device_functions.h(1618): warning C4819: 该文件包含不能在当前代码页(936)中表示的字符。请将该文件保存为 Unicode 格式以防止数据丢失
c:\program files\nvidia gpu computing toolkit\cuda\v8.0\include\device_double_functions.h : warning C4819: 该文件包含不能在当前代码页(936)中表示的字符。请将该文件保存为 Unicode 格式以防止数据丢失
c:\program files\nvidia gpu computing toolkit\cuda\v8.0\include\sm_20_intrinsics.h : warning C4819: 该文件包含不能在当前代码页(936)中表示的字符。请将该文件保存为 Unicode 格式以防止数据丢失
c:\program files\nvidia gpu computing toolkit\cuda\v8.0\include\sm_20_intrinsics.h(943): warning C4819: 该文件包含不能在当前代码页(936)中表示的字符。请将该文件保存为 Unicode 格式以防止数据丢失
c:\program files\nvidia gpu computing toolkit\cuda\v8.0\include\math_functions.h : warning C4819: 该文件包含不能在当前代码页(936)中表示的字符。请将该文件保存为 Unicode 格式以防止数据丢失
c:\program files\nvidia gpu computing toolkit\cuda\v8.0\include\math_functions.h(849): warning C4819: 该文件包含不能在当前代码页(936)中表示的字符。请将该文件保存为 Unicode 格式以防止数据丢失
c:\program files\nvidia gpu computing toolkit\cuda\v8.0\include\math_functions.h(1787): warning C4819: 该文件包含不能在当前代码页(936)中表示的字符。请将该文件保存为 Unicode 格式以防止数据丢失
c:\program files\nvidia gpu computing toolkit\cuda\v8.0\include\math_functions.h(2637): warning C4819: 该文件包含不能在当前代码页(936)中表示的字符。请将该文件保存为 Unicode 格式以防止数据丢失
c:\program files\nvidia gpu computing toolkit\cuda\v8.0\include\math_functions.h(3492): warning C4819: 该文件包含不能在当前代码页(936)中表示的字符。请将该文件保存为 Unicode 格式以防止数据丢失
c:\program files\nvidia gpu computing toolkit\cuda\v8.0\include\math_functions.h(4431): warning C4819: 该文件包含不能在当前代码页(936)中表示的字符。请将该文件保存为 Unicode 格式以防止数据丢失
c:\program files\nvidia gpu computing toolkit\cuda\v8.0\include\math_functions.h(5345): warning C4819: 该文件包含不能在当前代码页(936)中表示的字符。请将该文件保存为 Unicode 格式以防止数据丢失
c:\program files\nvidia gpu computing toolkit\cuda\v8.0\include\math_functions.h(6252): warning C4819: 该文件包含不能在当前代码页(936)中表示的字符。请将该文件保存为 Unicode 格式以防止数据丢失
c:\program files\nvidia gpu computing toolkit\cuda\v8.0\include\math_functions.h(7142): warning C4819: 该文件包含不能在当前代码页(936)中表示的字符。请将该文件保存为 Unicode 格式以防止数据丢失
c:\program files\nvidia gpu computing toolkit\cuda\v8.0\include\math_functions.h(7956): warning C4819: 该文件包含不能在当前代码页(936)中表示的字符。请将该文件保存为 Unicode 格式以防止数据丢失
c:\program files\nvidia gpu computing toolkit\cuda\v8.0\include\device_functions.h : warning C4819: 该文件包含不能在当前代码页(936)中表示的字符。请将该文件保存为 Unicode 格式以防止数据丢失
c:\program files\nvidia gpu computing toolkit\cuda\v8.0\include\device_functions.h(774): warning C4819: 该文件包含不能在当前代码页(936)中表示的字符。请将该文件保存为 Unicode 格式以防止数据丢失
c:\program files\nvidia gpu computing toolkit\cuda\v8.0\include\device_functions.h(1618): warning C4819: 该文件包含不能在当前代码页(936)中表示的字符。请将该文件保存为 Unicode 格式以防止数据丢失
c:\program files\nvidia gpu computing toolkit\cuda\v8.0\include\device_double_functions.h : warning C4819: 该文件包含不能在当前代码页(936)中表示的字符。请将该文件保存为 Unicode 格式以防止数据丢失
c:\program files\nvidia gpu computing toolkit\cuda\v8.0\include\sm_20_intrinsics.h : warning C4819: 该文件包含不能在当前代码页(936)中表示的字符。请将该文件保存为 Unicode 格式以防止数据丢失
c:\program files\nvidia gpu computing toolkit\cuda\v8.0\include\sm_20_intrinsics.h(943): warning C4819: 该文件包含不能在当前代码页(936)中表示的字符。请将该文件保存为 Unicode 格式以防止数据丢失
f:\研一下\cuda_learning\cs344\problem sets\hdr\hdr\utils.h(45): error : namespace "std" has no member "min"
f:\研一下\cuda_learning\cs344\problem sets\hdr\hdr\utils.h(46): error : namespace "std" has no member "max"
f:\研一下\cuda_learning\cs344\problem sets\hdr\hdr\utils.h(75): error : namespace "std" has no member "min"
f:\研一下\cuda_learning\cs344\problem sets\hdr\hdr\utils.h(76): error : namespace "std" has no member "max"
CUDACOMPILE : nvcc warning : The 'compute_20', 'sm_20', and 'sm_21' architectures are deprecated, and may be removed in a future release (Use -Wno-deprecated-gpu-targets to suppress warning).
  student_func.cu
C:\Program Files (x86)\MSBuild\Microsoft.Cpp\v4.0\V140\BuildCustomizations\CUDA 8.0.targets(689,9): error MSB3721: 命令“"C:\Program Files\NVIDIA GPU Computing Toolkit\CUDA\v8.0\bin\nvcc.exe" -gencode=arch=compute_20,code=\"sm_20,compute_20\" --use-local-env --cl-version 2015 -ccbin "D:\programming tools\Microsoft Visual Studio 14.0\VC\bin\x86_amd64"  -I"C:\Program Files\NVIDIA GPU Computing Toolkit\CUDA\v8.0\include" -I"C:\Program Files\NVIDIA GPU Computing Toolkit\CUDA\v8.0\include"  -G   --keep-dir x64\Debug -maxrregcount=0  --machine 64 --compile -cudart static  -g   -DWIN32 -DWIN64 -D_DEBUG -D_CONSOLE -D_MBCS -Xcompiler "/EHsc /W3 /nologo /Od /FS /Zi /RTC1 /MDd " -o x64\Debug\student_func.cu.obj "F:\研一下\Cuda_Learning\cs344\Problem Sets\HDR\HDR\student_func.cu"”已退出，返回代码为 2。
c:\program files\nvidia gpu computing toolkit\cuda\v8.0\include\math_functions.h : warning C4819: 该文件包含不能在当前代码页(936)中表示的字符。请将该文件保存为 Unicode 格式以防止数据丢失
c:\program files\nvidia gpu computing toolkit\cuda\v8.0\include\math_functions.h(849): warning C4819: 该文件包含不能在当前代码页(936)中表示的字符。请将该文件保存为 Unicode 格式以防止数据丢失
c:\program files\nvidia gpu computing toolkit\cuda\v8.0\include\math_functions.h(1787): warning C4819: 该文件包含不能在当前代码页(936)中表示的字符。请将该文件保存为 Unicode 格式以防止数据丢失
c:\program files\nvidia gpu computing toolkit\cuda\v8.0\include\math_functions.h(2637): warning C4819: 该文件包含不能在当前代码页(936)中表示的字符。请将该文件保存为 Unicode 格式以防止数据丢失
c:\program files\nvidia gpu computing toolkit\cuda\v8.0\include\math_functions.h(3492): warning C4819: 该文件包含不能在当前代码页(936)中表示的字符。请将该文件保存为 Unicode 格式以防止数据丢失
c:\program files\nvidia gpu computing toolkit\cuda\v8.0\include\math_functions.h(4431): warning C4819: 该文件包含不能在当前代码页(936)中表示的字符。请将该文件保存为 Unicode 格式以防止数据丢失
c:\program files\nvidia gpu computing toolkit\cuda\v8.0\include\math_functions.h(5345): warning C4819: 该文件包含不能在当前代码页(936)中表示的字符。请将该文件保存为 Unicode 格式以防止数据丢失
c:\program files\nvidia gpu computing toolkit\cuda\v8.0\include\math_functions.h(6252): warning C4819: 该文件包含不能在当前代码页(936)中表示的字符。请将该文件保存为 Unicode 格式以防止数据丢失
c:\program files\nvidia gpu computing toolkit\cuda\v8.0\include\math_functions.h(7142): warning C4819: 该文件包含不能在当前代码页(936)中表示的字符。请将该文件保存为 Unicode 格式以防止数据丢失
c:\program files\nvidia gpu computing toolkit\cuda\v8.0\include\math_functions.h(7956): warning C4819: 该文件包含不能在当前代码页(936)中表示的字符。请将该文件保存为 Unicode 格式以防止数据丢失
c:\program files\nvidia gpu computing toolkit\cuda\v8.0\include\device_functions.h : warning C4819: 该文件包含不能在当前代码页(936)中表示的字符。请将该文件保存为 Unicode 格式以防止数据丢失
c:\program files\nvidia gpu computing toolkit\cuda\v8.0\include\device_functions.h(774): warning C4819: 该文件包含不能在当前代码页(936)中表示的字符。请将该文件保存为 Unicode 格式以防止数据丢失
c:\program files\nvidia gpu computing toolkit\cuda\v8.0\include\device_functions.h(1618): warning C4819: 该文件包含不能在当前代码页(936)中表示的字符。请将该文件保存为 Unicode 格式以防止数据丢失
c:\program files\nvidia gpu computing toolkit\cuda\v8.0\include\device_double_functions.h : warning C4819: 该文件包含不能在当前代码页(936)中表示的字符。请将该文件保存为 Unicode 格式以防止数据丢失
c:\program files\nvidia gpu computing toolkit\cuda\v8.0\include\sm_20_intrinsics.h : warning C4819: 该文件包含不能在当前代码页(936)中表示的字符。请将该文件保存为 Unicode 格式以防止数据丢失
c:\program files\nvidia gpu computing toolkit\cuda\v8.0\include\sm_20_intrinsics.h(943): warning C4819: 该文件包含不能在当前代码页(936)中表示的字符。请将该文件保存为 Unicode 格式以防止数据丢失
f:\研一下\cuda_learning\cs344\problem sets\hdr\hdr\utils.h(45): error : namespace "std" has no member "min"
f:\研一下\cuda_learning\cs344\problem sets\hdr\hdr\utils.h(46): error : namespace "std" has no member "max"
f:\研一下\cuda_learning\cs344\problem sets\hdr\hdr\utils.h(75): error : namespace "std" has no member "min"
f:\研一下\cuda_learning\cs344\problem sets\hdr\hdr\utils.h(76): error : namespace "std" has no member "max"
CUDACOMPILE : nvcc warning : The 'compute_20', 'sm_20', and 'sm_21' architectures are deprecated, and may be removed in a future release (Use -Wno-deprecated-gpu-targets to suppress warning).
  HW3.cu
C:\Program Files (x86)\MSBuild\Microsoft.Cpp\v4.0\V140\BuildCustomizations\CUDA 8.0.targets(689,9): error MSB3721: 命令“"C:\Program Files\NVIDIA GPU Computing Toolkit\CUDA\v8.0\bin\nvcc.exe" -gencode=arch=compute_20,code=\"sm_20,compute_20\" --use-local-env --cl-version 2015 -ccbin "D:\programming tools\Microsoft Visual Studio 14.0\VC\bin\x86_amd64"  -I"C:\Program Files\NVIDIA GPU Computing Toolkit\CUDA\v8.0\include" -I"C:\Program Files\NVIDIA GPU Computing Toolkit\CUDA\v8.0\include"  -G   --keep-dir x64\Debug -maxrregcount=0  --machine 64 --compile -cudart static  -g   -DWIN32 -DWIN64 -D_DEBUG -D_CONSOLE -D_MBCS -Xcompiler "/EHsc /W3 /nologo /Od /FS /Zi /RTC1 /MDd " -o x64\Debug\HW3.cu.obj "F:\研一下\Cuda_Learning\cs344\Problem Sets\HDR\HDR\HW3.cu"”已退出，返回代码为 2。
